<?xml version="1.0" encoding="UTF-8"?>
<!-- Generated by org.testng.reporters.JUnitReportReporter -->
<testsuite hostname="LAPTOP-0QEPCK00" failures="0" tests="1" name="cucumber.TestNGTestRunner" time="7.288" errors="0" timestamp="16 Jun 2024 11:24:27 GMT" skipped="0">
  <testcase classname="cucumber.TestNGTestRunner" name="runScenario" time="7.288"/>
</testsuite> <!-- cucumber.TestNGTestRunner -->
